<?xml version="1.0" encoding="UTF-8"?><testsuite errors="0" failures="1" name="EU8.Spartan.Admin.SpartanAdminGetTest" skipped="0" tests="3" time="4.35" timestamp="2022-08-04 01:53:16"><testcase classname="EU8.Spartan.Admin.SpartanAdminGetTest" name="GET request with Serenity Assertion way"><failure message="1 expectation failed.&#10;Expected status code &lt;201&gt; but was &lt;200&gt;.&#10;" type="java.lang.AssertionError">1 expectation failed.
Expected status code &lt;201&gt; but was &lt;200&gt;.
</failure><system-err>1 expectation failed.
Expected status code &lt;201&gt; but was &lt;200&gt;.

io.restassured.internal.ResponseSpecificationImpl.validateResponseIfRequired(ResponseSpecificationImpl.groovy:674)
io.restassured.internal.ResponseSpecificationImpl.statusCode(ResponseSpecificationImpl.groovy:126)
io.restassured.internal.ResponseSpecificationImpl.statusCode(ResponseSpecificationImpl.groovy:134)
io.restassured.internal.ValidatableResponseOptionsImpl.statusCode(ValidatableResponseOptionsImpl.java:89)
io.restassured.internal.ValidatableResponseImpl.super$2$statusCode(ValidatableResponseImpl.groovy)
groovy.lang.MetaMethod.doMethodInvoke(MetaMethod.java:323)
groovy.lang.MetaClassImpl.invokeMethod(MetaClassImpl.java:1268)
io.restassured.internal.ValidatableResponseImpl.statusCode(ValidatableResponseImpl.groovy:142)
io.restassured.internal.ValidatableResponseImpl.statusCode(ValidatableResponseImpl.groovy)
EU8.Spartan.Admin.SpartanAdminGetTest.lambda$getOneSpartanAssertion$0(SpartanAdminGetTest.java:86)
net.serenitybdd.rest.Ensure.performCheck(Ensure.java:35)
net.serenitybdd.rest.Ensure.that(Ensure.java:23)
EU8.Spartan.Admin.SpartanAdminGetTest.getOneSpartanAssertion(SpartanAdminGetTest.java:86)
</system-err></testcase><testcase classname="EU8.Spartan.Admin.SpartanAdminGetTest" name="Get all spartan"/><testcase classname="EU8.Spartan.Admin.SpartanAdminGetTest" name="Get one spartan"/></testsuite>